<?xml version="1.0" encoding="UTF-8"?>
<!-- Generated by org.testng.reporters.JUnitXMLReporter -->
<testsuite hostname="Cleristons-MacBook-Pro.local" ignored="0" name="LMS Test Scenarios" tests="2" failures="1" timestamp="13 Dec 2016 22:25:52 GMT" time="62.764" errors="0">
  <testcase name="testRegisterNewandDemo" time="58.802" classname="lmsScenarios.registration"/>
  <testcase name="testSlideEditLessonwithExistingUser" time="0.027" classname="lmsScenarios.registration">
    <failure type="org.openqa.selenium.NoSuchSessionException" message="Session ID is null. Using WebDriver after calling quit()?
Build info: version: &amp;apos;unknown&amp;apos;, revision: &amp;apos;1969d75&amp;apos;, time: &amp;apos;2016-10-18 09:43:45 -0700&amp;apos;
System info: host: &amp;apos;Cleristons-MacBook-Pro.local&amp;apos;, ip: &amp;apos;192.168.1.164&amp;apos;, os.name: &amp;apos;Mac OS X&amp;apos;, os.arch: &amp;apos;x86_64&amp;apos;, os.version: &amp;apos;10.10.5&amp;apos;, java.version: &amp;apos;1.8.0_111&amp;apos;
Driver info: driver.version: RemoteWebDriver">
      <![CDATA[org.openqa.selenium.NoSuchSessionException: Session ID is null. Using WebDriver after calling quit()?
Build info: version: 'unknown', revision: '1969d75', time: '2016-10-18 09:43:45 -0700'
System info: host: 'Cleristons-MacBook-Pro.local', ip: '192.168.1.164', os.name: 'Mac OS X', os.arch: 'x86_64', os.version: '10.10.5', java.version: '1.8.0_111'
Driver info: driver.version: RemoteWebDriver
	at org.openqa.selenium.remote.HttpCommandExecutor.execute(HttpCommandExecutor.java:130)
	at org.openqa.selenium.remote.service.DriverCommandExecutor.execute(DriverCommandExecutor.java:82)
	at org.openqa.selenium.remote.RemoteWebDriver.execute(RemoteWebDriver.java:601)
	at org.openqa.selenium.remote.RemoteWebDriver.get(RemoteWebDriver.java:322)
	at lmsScenarios.registration.testSlideEditLessonwithExistingUser(registration.java:50)
... Removed 25 stack frames]]>
    </failure>
  </testcase> <!-- testSlideEditLessonwithExistingUser -->
</testsuite> <!-- LMS Test Scenarios -->
