<?xml version="1.0" encoding="UTF-8"?>
<testng-results skipped="0" failed="1" ignored="0" total="2" passed="1">
  <reporter-output>
  </reporter-output>
  <suite name="Automated Scenario" duration-ms="62764" started-at="2016-12-13T22:24:49Z" finished-at="2016-12-13T22:25:52Z">
    <groups>
    </groups>
    <test name="LMS Test Scenarios" duration-ms="62764" started-at="2016-12-13T22:24:49Z" finished-at="2016-12-13T22:25:52Z">
      <class name="lmsScenarios.registration">
        <test-method status="PASS" signature="preSetup()[pri:0, instance:lmsScenarios.registration@6093dd95]" name="preSetup" is-config="true" duration-ms="3822" started-at="2016-12-14T09:24:49Z" finished-at="2016-12-14T09:24:53Z">
          <reporter-output>
          </reporter-output>
        </test-method> <!-- preSetup -->
        <test-method status="PASS" signature="testRegisterNewandDemo()[pri:0, instance:lmsScenarios.registration@6093dd95]" name="testRegisterNewandDemo" duration-ms="58802" started-at="2016-12-14T09:24:53Z" finished-at="2016-12-14T09:25:52Z">
          <reporter-output>
          </reporter-output>
        </test-method> <!-- testRegisterNewandDemo -->
        <test-method status="FAIL" signature="testSlideEditLessonwithExistingUser(java.lang.String, java.lang.String)[pri:0, instance:lmsScenarios.registration@6093dd95]" name="testSlideEditLessonwithExistingUser" duration-ms="27" started-at="2016-12-14T09:25:52Z" finished-at="2016-12-14T09:25:52Z">
          <params>
            <param index="0">
              <value>
                <![CDATA[addyrawat@gmail.com]]>
              </value>
            </param>
            <param index="1">
              <value>
                <![CDATA[creative456]]>
              </value>
            </param>
          </params>
          <exception class="org.openqa.selenium.NoSuchSessionException">
            <message>
              <![CDATA[Session ID is null. Using WebDriver after calling quit()?
Build info: version: 'unknown', revision: '1969d75', time: '2016-10-18 09:43:45 -0700'
System info: host: 'Cleristons-MacBook-Pro.local', ip: '192.168.1.164', os.name: 'Mac OS X', os.arch: 'x86_64', os.version: '10.10.5', java.version: '1.8.0_111'
Driver info: driver.version: RemoteWebDriver]]>
            </message>
            <full-stacktrace>
              <![CDATA[org.openqa.selenium.NoSuchSessionException: Session ID is null. Using WebDriver after calling quit()?
Build info: version: 'unknown', revision: '1969d75', time: '2016-10-18 09:43:45 -0700'
System info: host: 'Cleristons-MacBook-Pro.local', ip: '192.168.1.164', os.name: 'Mac OS X', os.arch: 'x86_64', os.version: '10.10.5', java.version: '1.8.0_111'
Driver info: driver.version: RemoteWebDriver
	at org.openqa.selenium.remote.HttpCommandExecutor.execute(HttpCommandExecutor.java:130)
	at org.openqa.selenium.remote.service.DriverCommandExecutor.execute(DriverCommandExecutor.java:82)
	at org.openqa.selenium.remote.RemoteWebDriver.execute(RemoteWebDriver.java:601)
	at org.openqa.selenium.remote.RemoteWebDriver.get(RemoteWebDriver.java:322)
	at lmsScenarios.registration.testSlideEditLessonwithExistingUser(registration.java:50)
	at sun.reflect.NativeMethodAccessorImpl.invoke0(Native Method)
	at sun.reflect.NativeMethodAccessorImpl.invoke(NativeMethodAccessorImpl.java:62)
	at sun.reflect.DelegatingMethodAccessorImpl.invoke(DelegatingMethodAccessorImpl.java:43)
	at java.lang.reflect.Method.invoke(Method.java:498)
	at org.testng.internal.MethodInvocationHelper.invokeMethod(MethodInvocationHelper.java:104)
	at org.testng.internal.Invoker.invokeMethod(Invoker.java:645)
	at org.testng.internal.Invoker.invokeTestMethod(Invoker.java:851)
	at org.testng.internal.Invoker.invokeTestMethods(Invoker.java:1177)
	at org.testng.internal.TestMethodWorker.invokeTestMethods(TestMethodWorker.java:129)
	at org.testng.internal.TestMethodWorker.run(TestMethodWorker.java:112)
	at org.testng.TestRunner.privateRun(TestRunner.java:756)
	at org.testng.TestRunner.run(TestRunner.java:610)
	at org.testng.SuiteRunner.runTest(SuiteRunner.java:387)
	at org.testng.SuiteRunner.runSequentially(SuiteRunner.java:382)
	at org.testng.SuiteRunner.privateRun(SuiteRunner.java:340)
	at org.testng.SuiteRunner.run(SuiteRunner.java:289)
	at org.testng.SuiteRunnerWorker.runSuite(SuiteRunnerWorker.java:52)
	at org.testng.SuiteRunnerWorker.run(SuiteRunnerWorker.java:86)
	at org.testng.TestNG.runSuitesSequentially(TestNG.java:1293)
	at org.testng.TestNG.runSuitesLocally(TestNG.java:1218)
	at org.testng.TestNG.runSuites(TestNG.java:1133)
	at org.testng.TestNG.run(TestNG.java:1104)
	at org.testng.remote.AbstractRemoteTestNG.run(AbstractRemoteTestNG.java:132)
	at org.testng.remote.RemoteTestNG.initAndRun(RemoteTestNG.java:236)
	at org.testng.remote.RemoteTestNG.main(RemoteTestNG.java:81)
]]>
            </full-stacktrace>
          </exception> <!-- org.openqa.selenium.NoSuchSessionException -->
          <reporter-output>
          </reporter-output>
        </test-method> <!-- testSlideEditLessonwithExistingUser -->
      </class> <!-- lmsScenarios.registration -->
    </test> <!-- LMS Test Scenarios -->
  </suite> <!-- Automated Scenario -->
</testng-results>
